# JRE version: Java(TM) SE Runtime Environment (7.0_55-b13) (build 1.7.0_55-b13)
# Java VM: Java HotSpot(TM) 64-Bit Server VM (24.55-b03 mixed mode linux-amd64 compressed oops)
Heap
 PSYoungGen      total 491520K, used 484464K [0x00000000e1800000, 0x0000000100000000, 0x0000000100000000)
  eden space 483328K, 100% used [0x00000000e1800000,0x00000000ff000000,0x00000000ff000000)
  from space 8192K, 13% used [0x00000000ff000000,0x00000000ff11c060,0x00000000ff800000)
  to   space 8192K, 1% used [0x00000000ff800000,0x00000000ff820010,0x0000000100000000)
 ParOldGen       total 259584K, used 164063K [0x00000000a4800000, 0x00000000b4580000, 0x00000000e1800000)
  object space 259584K, 63% used [0x00000000a4800000,0x00000000ae837cc8,0x00000000b4580000)
 PSPermGen       total 21504K, used 9329K [0x000000009f600000, 0x00000000a0b00000, 0x00000000a4800000)
  object space 21504K, 43% used [0x000000009f600000,0x000000009ff1c7e8,0x00000000a0b00000)
GC Heap History (10 events):
Event: 253,231 GC heap after
Heap after GC invocations=353 (full 3):
 PSYoungGen      total 491520K, used 2736K [0x00000000e1800000, 0x0000000100000000, 0x0000000100000000)
  eden space 483328K, 0% used [0x00000000e1800000,0x00000000e1800000,0x00000000ff000000)
  from space 8192K, 33% used [0x00000000ff000000,0x00000000ff2ac060,0x00000000ff800000)
  to   space 8192K, 0% used [0x00000000ff800000,0x00000000ff800000,0x0000000100000000)
 ParOldGen       total 259584K, used 161391K [0x00000000a4800000, 0x00000000b4580000, 0x00000000e1800000)
  object space 259584K, 62% used [0x00000000a4800000,0x00000000ae59bc28,0x00000000b4580000)
 PSPermGen       total 21504K, used 9328K [0x000000009f600000, 0x00000000a0b00000, 0x00000000a4800000)
  object space 21504K, 43% used [0x000000009f600000,0x000000009ff1c158,0x00000000a0b00000)
}
Event: 264,697 GC heap before
{Heap before GC invocations=354 (full 3):
 PSYoungGen      total 491520K, used 486064K [0x00000000e1800000, 0x0000000100000000, 0x0000000100000000)
  eden space 483328K, 100% used [0x00000000e1800000,0x00000000ff000000,0x00000000ff000000)
  from space 8192K, 33% used [0x00000000ff000000,0x00000000ff2ac060,0x00000000ff800000)
  to   space 8192K, 0% used [0x00000000ff800000,0x00000000ff800000,0x0000000100000000)
 ParOldGen       total 259584K, used 161391K [0x00000000a4800000, 0x00000000b4580000, 0x00000000e1800000)
  object space 259584K, 62% used [0x00000000a4800000,0x00000000ae59bc28,0x00000000b4580000)
 PSPermGen       total 21504K, used 9328K [0x000000009f600000, 0x00000000a0b00000, 0x00000000a4800000)
  object space 21504K, 43% used [0x000000009f600000,0x000000009ff1c2d8,0x00000000a0b00000)
Event: 264,712 GC heap after
Heap after GC invocations=354 (full 3):
 PSYoungGen      total 491520K, used 2304K [0x00000000e1800000, 0x0000000100000000, 0x0000000100000000)
  eden space 483328K, 0% used [0x00000000e1800000,0x00000000e1800000,0x00000000ff000000)
  from space 8192K, 28% used [0x00000000ff800000,0x00000000ffa40060,0x0000000100000000)
  to   space 8192K, 0% used [0x00000000ff000000,0x00000000ff000000,0x00000000ff800000)
 ParOldGen       total 259584K, used 161807K [0x00000000a4800000, 0x00000000b4580000, 0x00000000e1800000)
  object space 259584K, 62% used [0x00000000a4800000,0x00000000ae603c28,0x00000000b4580000)
 PSPermGen       total 21504K, used 9328K [0x000000009f600000, 0x00000000a0b00000, 0x00000000a4800000)
  object space 21504K, 43% used [0x000000009f600000,0x000000009ff1c2d8,0x00000000a0b00000)
}
Event: 276,052 GC heap before
{Heap before GC invocations=355 (full 3):
 PSYoungGen      total 491520K, used 485632K [0x00000000e1800000, 0x0000000100000000, 0x0000000100000000)
  eden space 483328K, 100% used [0x00000000e1800000,0x00000000ff000000,0x00000000ff000000)
  from space 8192K, 28% used [0x00000000ff800000,0x00000000ffa40060,0x0000000100000000)
  to   space 8192K, 0% used [0x00000000ff000000,0x00000000ff000000,0x00000000ff800000)
 ParOldGen       total 259584K, used 161807K [0x00000000a4800000, 0x00000000b4580000, 0x00000000e1800000)
  object space 259584K, 62% used [0x00000000a4800000,0x00000000ae603c28,0x00000000b4580000)
 PSPermGen       total 21504K, used 9329K [0x000000009f600000, 0x00000000a0b00000, 0x00000000a4800000)
  object space 21504K, 43% used [0x000000009f600000,0x000000009ff1c728,0x00000000a0b00000)
Event: 276,065 GC heap after
Heap after GC invocations=355 (full 3):
 PSYoungGen      total 491520K, used 1888K [0x00000000e1800000, 0x0000000100000000, 0x0000000100000000)
  eden space 483328K, 0% used [0x00000000e1800000,0x00000000e1800000,0x00000000ff000000)
  from space 8192K, 23% used [0x00000000ff000000,0x00000000ff1d8040,0x00000000ff800000)
  to   space 8192K, 0% used [0x00000000ff800000,0x00000000ff800000,0x0000000100000000)
 ParOldGen       total 259584K, used 162215K [0x00000000a4800000, 0x00000000b4580000, 0x00000000e1800000)
  object space 259584K, 62% used [0x00000000a4800000,0x00000000ae669c28,0x00000000b4580000)
 PSPermGen       total 21504K, used 9329K [0x000000009f600000, 0x00000000a0b00000, 0x00000000a4800000)
  object space 21504K, 43% used [0x000000009f600000,0x000000009ff1c728,0x00000000a0b00000)
}
Event: 287,826 GC heap before
{Heap before GC invocations=356 (full 3):
 PSYoungGen      total 491520K, used 485216K [0x00000000e1800000, 0x0000000100000000, 0x0000000100000000)
  eden space 483328K, 100% used [0x00000000e1800000,0x00000000ff000000,0x00000000ff000000)
  from space 8192K, 23% used [0x00000000ff000000,0x00000000ff1d8040,0x00000000ff800000)
  to   space 8192K, 0% used [0x00000000ff800000,0x00000000ff800000,0x0000000100000000)
 ParOldGen       total 259584K, used 162215K [0x00000000a4800000, 0x00000000b4580000, 0x00000000e1800000)
  object space 259584K, 62% used [0x00000000a4800000,0x00000000ae669c28,0x00000000b4580000)
 PSPermGen       total 21504K, used 9329K [0x000000009f600000, 0x00000000a0b00000, 0x00000000a4800000)
  object space 21504K, 43% used [0x000000009f600000,0x000000009ff1c728,0x00000000a0b00000)
Event: 287,837 GC heap after
Heap after GC invocations=356 (full 3):
 PSYoungGen      total 491520K, used 1504K [0x00000000e1800000, 0x0000000100000000, 0x0000000100000000)
  eden space 483328K, 0% used [0x00000000e1800000,0x00000000e1800000,0x00000000ff000000)
  from space 8192K, 18% used [0x00000000ff800000,0x00000000ff978060,0x0000000100000000)
  to   space 8192K, 0% used [0x00000000ff000000,0x00000000ff000000,0x00000000ff800000)
 ParOldGen       total 259584K, used 162631K [0x00000000a4800000, 0x00000000b4580000, 0x00000000e1800000)
  object space 259584K, 62% used [0x00000000a4800000,0x00000000ae6d1c28,0x00000000b4580000)
 PSPermGen       total 21504K, used 9329K [0x000000009f600000, 0x00000000a0b00000, 0x00000000a4800000)
  object space 21504K, 43% used [0x000000009f600000,0x000000009ff1c728,0x00000000a0b00000)
}
Event: 299,257 GC heap before
{Heap before GC invocations=357 (full 3):
 PSYoungGen      total 491520K, used 484832K [0x00000000e1800000, 0x0000000100000000, 0x0000000100000000)
  eden space 483328K, 100% used [0x00000000e1800000,0x00000000ff000000,0x00000000ff000000)
  from space 8192K, 18% used [0x00000000ff800000,0x00000000ff978060,0x0000000100000000)
  to   space 8192K, 0% used [0x00000000ff000000,0x00000000ff000000,0x00000000ff800000)
 ParOldGen       total 259584K, used 162631K [0x00000000a4800000, 0x00000000b4580000, 0x00000000e1800000)
  object space 259584K, 62% used [0x00000000a4800000,0x00000000ae6d1c28,0x00000000b4580000)
 PSPermGen       total 21504K, used 9329K [0x000000009f600000, 0x00000000a0b00000, 0x00000000a4800000)
  object space 21504K, 43% used [0x000000009f600000,0x000000009ff1c728,0x00000000a0b00000)
Event: 299,270 GC heap after
Heap after GC invocations=357 (full 3):
 PSYoungGen      total 491520K, used 1136K [0x00000000e1800000, 0x0000000100000000, 0x0000000100000000)
  eden space 483328K, 0% used [0x00000000e1800000,0x00000000e1800000,0x00000000ff000000)
  from space 8192K, 13% used [0x00000000ff000000,0x00000000ff11c060,0x00000000ff800000)
  to   space 8192K, 0% used [0x00000000ff800000,0x00000000ff800000,0x0000000100000000)
 ParOldGen       total 259584K, used 163031K [0x00000000a4800000, 0x00000000b4580000, 0x00000000e1800000)
  object space 259584K, 62% used [0x00000000a4800000,0x00000000ae735c28,0x00000000b4580000)
 PSPermGen       total 21504K, used 9329K [0x000000009f600000, 0x00000000a0b00000, 0x00000000a4800000)
  object space 21504K, 43% used [0x000000009f600000,0x000000009ff1c728,0x00000000a0b00000)
}
Event: 314,065 GC heap before
{Heap before GC invocations=358 (full 3):
 PSYoungGen      total 491520K, used 484464K [0x00000000e1800000, 0x0000000100000000, 0x0000000100000000)
  eden space 483328K, 100% used [0x00000000e1800000,0x00000000ff000000,0x00000000ff000000)
  from space 8192K, 13% used [0x00000000ff000000,0x00000000ff11c060,0x00000000ff800000)
  to   space 8192K, 0% used [0x00000000ff800000,0x00000000ff800000,0x0000000100000000)
 ParOldGen       total 259584K, used 163031K [0x00000000a4800000, 0x00000000b4580000, 0x00000000e1800000)
  object space 259584K, 62% used [0x00000000a4800000,0x00000000ae735c28,0x00000000b4580000)
 PSPermGen       total 21504K, used 9329K [0x000000009f600000, 0x00000000a0b00000, 0x00000000a4800000)
  object space 21504K, 43% used [0x000000009f600000,0x000000009ff1c7e8,0x00000000a0b00000)

